<?xml version="1.0"?>
<!DOCTYPE coverage SYSTEM "http://cobertura.sourceforge.net/xml/coverage-04.dtd">

<coverage line-rate="1.0" branch-rate="1.0" lines-covered="0" lines-valid="0" branches-covered="0" branches-valid="0" complexity="1.0" version="2.1.1" timestamp="1498233038627">
	<sources>
		<source>/home/travis/build/universAAL/tools.runtime/tools.uCC/tools.ucc.deploymanagerservice/src/main/java</source>
		<source>--source</source>
	</sources>
	<packages>
		<package name="org.universAAL.tools.ucc.deploymanagerservice" line-rate="1.0" branch-rate="1.0" complexity="1.0">
			<classes>
				<class name="org.universAAL.tools.ucc.deploymanagerservice.DeployManagerService" filename="org/universAAL/tools/ucc/deploymanagerservice/DeployManagerService.java" line-rate="1.0" branch-rate="1.0" complexity="1.0">
					<methods>
					</methods>
					<lines>
					</lines>
				</class>
			</classes>
		</package>
	</packages>
</coverage>
